1576501184400:help
1576501198812:get-book-by-id 1
1576503472661:help
1576503486011:get-book-by-id 1
1576504274700:help
1576505050550:get-book-by-id 1
1576505067424:auth user --password pass
1576505075934:get-book-by-id 1
1576507083483:auth vladimir --password pass
1576507090896:help
1576507140047:auth vladimir --password pass
1576507144128:help
1576507195745:insert-book 13 Pomestchik Swechin 290
1576507268244:auth vladimir --password pass
1576507274388:help
1576507307472:insert-book 13//parser//parserWriter//100
1576507328092:stacktrace
1576507508375:Matcher
1576507535537:auth --username vladimir --password pass
1576507543103:help
1576507565145:insert-book 13/qwwe//qwwee//12300
1576507576446:stacktrace
1576507717565:auth irina --password pasds
1576507722357:help
1576507748550:insert-book 13//qwer//qwer//130
1576507805631:auth irina --password pasds
1576507840708:insert-book 13//Sisk//Swechin//130
1576507852190:help
1576507881911:get-book-by-id 13
1576508017788:auth irina --password pasds
1576508026853:insert-book #(13//Sisk//Swechin//130)
1576508095564:auth irina --password pasds
1576508105011:insert-book #(13//Sisk//Swechin//130)
1576508195926:auth irina --password pasds
1576508203089:insert-book #(13//Sisk//Swechin//130)
1576508212676:stacktrace
1576508284061:auth irina --password pasds
1576508290891:insert-book (#13//Sisk//Swechin//130)
1576508371519:insert-book (#13//Sisk on my//Nicolay Swechin//130)
1576508418523:insert-book '(#13//Sisk on my//Nicolay Swechin//130)'
1576508432886:insert-book '(#11//Sisk on my//Nicolay Swechin//130)'
1576508454673:stacktrace
1576508515329:auth irina --password pasds
1576508535011:insert-book '(#13//Sisk//Swechin//130)'
1576508803761:auth irina --password pasds
1576508820389:insert-book (#13//Sisk//Swechin//130)
1576684097104:help
1576684115863:auth vladimir --password pass
1576684132870:get-book-by-id 1
1576695907672:auth vladimir --password pass
